<?xml version="1.0" encoding="UTF-8"?>
<!-- Generated by org.testng.reporters.JUnitReportReporter -->
<testsuite hostname="TUSHAR" failures="0" tests="1" name="practice.datadriventesting.ReadDataFromTestNgXmlTest" time="0.031" errors="0" timestamp="2024-04-20T13:07:33 IST" skipped="0">
  <testcase classname="practice.datadriventesting.ReadDataFromTestNgXmlTest" name="SampleTest" time="0.031"/>
  <system-out/>
</testsuite> <!-- practice.datadriventesting.ReadDataFromTestNgXmlTest -->
