<?xml version="1.0" encoding="UTF-8"?>
<!-- Generated by org.testng.reporters.JUnitReportReporter -->
<testsuite hostname="TUSHAR" failures="0" tests="3" name="practice.testng.OrderTest" time="0.047" errors="0" timestamp="2024-04-30T16:25:55 IST" skipped="0">
  <testcase classname="practice.testng.OrderTest" name="createContact" time="0.019"/>
  <system-out/>
  <testcase classname="practice.testng.OrderTest" name="modifyContactTest" time="0.008"/>
  <system-out/>
  <testcase classname="practice.testng.OrderTest" name="DeleteContactTest" time="0.020"/>
  <system-out/>
</testsuite> <!-- practice.testng.OrderTest -->
