<?xml version="1.0" encoding="UTF-8"?>
<!-- Generated by org.testng.reporters.JUnitReportReporter -->
<testsuite hostname="TUSHAR" failures="0" tests="2" name="com.crm.comcast.contacttest.CreateContactTest" time="0.061" errors="0" timestamp="2024-05-02T10:39:02 IST" skipped="0">
  <testcase classname="com.crm.comcast.contacttest.CreateContactTest" name="createContactTest" time="0.039"/>
  <system-out/>
  <testcase classname="com.crm.comcast.contacttest.CreateContactTest" name="createOrgWithIndustry" time="0.022"/>
  <system-out/>
</testsuite> <!-- com.crm.comcast.contacttest.CreateContactTest -->
