<?xml version="1.0" encoding="UTF-8"?>
<!-- Generated by org.testng.reporters.JUnitReportReporter -->
<testsuite hostname="TUSHAR" failures="0" tests="2" name="practice.testng.ContactTest1" time="0.034" errors="0" timestamp="2024-04-30T16:23:50 IST" skipped="0">
  <testcase classname="practice.testng.ContactTest1" name="createContact" time="0.026"/>
  <system-out/>
  <testcase classname="practice.testng.ContactTest1" name="modifyContactTest" time="0.008"/>
  <system-out/>
</testsuite> <!-- practice.testng.ContactTest1 -->
