<?xml version="1.0" encoding="UTF-8"?>
<!-- Generated by org.testng.reporters.JUnitReportReporter -->
<testsuite hostname="TUSHAR" failures="0" tests="2" name="com.pac1.CreateContactTest" time="0.042" errors="0" timestamp="2024-05-01T15:09:06 IST" skipped="0">
  <testcase classname="com.pac1.CreateContactTest" name="createContactWithSupportDate" time="0.011"/>
  <system-out/>
  <testcase classname="com.pac1.CreateContactTest" name="createContact" time="0.031"/>
  <system-out/>
</testsuite> <!-- com.pac1.CreateContactTest -->
