<?xml version="1.0" encoding="UTF-8"?>
<!-- Generated by org.testng.reporters.JUnitReportReporter -->
<testsuite hostname="TUSHAR" failures="0" tests="3" name="practice.testng.SampleReportTest" time="10.470" errors="0" timestamp="2024-05-09T12:08:40 IST" skipped="0">
  <testcase classname="practice.testng.SampleReportTest" name="createContactWithOrgTest" time="0.023"/>
  <system-out/>
  <testcase classname="practice.testng.SampleReportTest" name="createContactTest" time="10.438"/>
  <system-out/>
  <testcase classname="practice.testng.SampleReportTest" name="createContactWithPhoneNumberTest" time="0.009"/>
  <system-out/>
</testsuite> <!-- practice.testng.SampleReportTest -->
