<?xml version="1.0" encoding="UTF-8"?>
<!-- Generated by org.testng.reporters.JUnitReportReporter -->
<testsuite hostname="TUSHAR" failures="0" tests="3" name="practice.testng.CreateContact_DP_Test" time="0.045" errors="0" timestamp="2024-04-30T18:20:48 IST" skipped="0">
  <testcase classname="practice.testng.CreateContact_DP_Test" name="createContactTest" time="0.021"/>
  <system-out/>
  <testcase classname="practice.testng.CreateContact_DP_Test" name="createContactTest" time="0.007"/>
  <system-out/>
  <testcase classname="practice.testng.CreateContact_DP_Test" name="createContactTest" time="0.017"/>
  <system-out/>
</testsuite> <!-- practice.testng.CreateContact_DP_Test -->
