<?xml version="1.0" encoding="UTF-8"?>
<!-- Generated by org.testng.reporters.JUnitReportReporter -->
<testsuite hostname="TUSHAR" failures="0" tests="1" name="practice.testng.SampleTestForScreenShot" time="13.557" errors="0" timestamp="2024-05-06T17:25:30 IST" skipped="0">
  <testcase classname="practice.testng.SampleTestForScreenShot" name="amazonTest" time="13.557"/>
  <system-out/>
</testsuite> <!-- practice.testng.SampleTestForScreenShot -->
