<?xml version="1.0" encoding="UTF-8"?>
<!-- Generated by org.testng.reporters.JUnitReportReporter -->
<testsuite hostname="TUSHAR" failures="0" tests="3" name="practice.testng.ContactWithoutDependencyPriorityTest" time="0.062" errors="0" timestamp="2024-04-30T13:26:14 IST" skipped="0">
  <testcase classname="practice.testng.ContactWithoutDependencyPriorityTest" name="createContactTest" time="0.008"/>
  <system-out/>
  <testcase classname="practice.testng.ContactWithoutDependencyPriorityTest" name="DeleteContactTest" time="0.028"/>
  <system-out/>
  <testcase classname="practice.testng.ContactWithoutDependencyPriorityTest" name="modifyContactTest" time="0.026"/>
  <system-out/>
</testsuite> <!-- practice.testng.ContactWithoutDependencyPriorityTest -->
