<?xml version="1.0" encoding="UTF-8"?>
<!-- Generated by org.testng.reporters.JUnitReportReporter -->
<testsuite hostname="TUSHAR" failures="0" tests="11" name="practice.testng.Invoc" time="0.127" errors="0" timestamp="2024-04-30T17:38:16 IST" skipped="1">
  <testcase classname="practice.testng.Invoc" name="createOrderTest" time="0.011"/>
  <system-out/>
  <testcase classname="practice.testng.Invoc" name="createOrderTest" time="0.005"/>
  <system-out/>
  <testcase classname="practice.testng.Invoc" name="createOrderTest" time="0.019"/>
  <system-out/>
  <testcase classname="practice.testng.Invoc" name="createOrderTest" time="0.011"/>
  <system-out/>
  <testcase classname="practice.testng.Invoc" name="createOrderTest" time="0.004"/>
  <system-out/>
  <testcase classname="practice.testng.Invoc" name="createOrderTest" time="0.011"/>
  <system-out/>
  <testcase classname="practice.testng.Invoc" name="createOrderTest" time="0.014"/>
  <system-out/>
  <testcase classname="practice.testng.Invoc" name="createOrderTest" time="0.016"/>
  <system-out/>
  <testcase classname="practice.testng.Invoc" name="createOrderTest" time="0.023"/>
  <system-out/>
  <testcase classname="practice.testng.Invoc" name="createOrderTest" time="0.013"/>
  <system-out/>
  <testcase classname="practice.testng.Invoc" name="billingAnOrderTest">
    <skipped/>
  </testcase> <!-- billingAnOrderTest -->
  <system-out/>
</testsuite> <!-- practice.testng.Invoc -->
