<?xml version="1.0" encoding="UTF-8"?>
<!-- Generated by org.testng.reporters.JUnitReportReporter -->
<testsuite hostname="TUSHAR" failures="0" tests="1" name="practice.datadriventesting.SampleUnitTestCheckProjectBackend" time="1.061" errors="0" timestamp="2024-04-22T12:52:15 IST" skipped="0">
  <testcase classname="practice.datadriventesting.SampleUnitTestCheckProjectBackend" name="projectCheckTest" time="1.061"/>
  <system-out/>
</testsuite> <!-- practice.datadriventesting.SampleUnitTestCheckProjectBackend -->
