<?xml version="1.0" encoding="UTF-8"?>
<!-- Generated by org.testng.reporters.JUnitReportReporter -->
<testsuite hostname="TUSHAR" failures="0" tests="3" name="practice.testng.CreateContact_DP_Test2" time="0.032" errors="0" timestamp="2024-04-30T18:34:14 IST" skipped="0">
  <testcase classname="practice.testng.CreateContact_DP_Test2" name="createContactTest" time="0.006"/>
  <system-out/>
  <testcase classname="practice.testng.CreateContact_DP_Test2" name="createContactTest" time="0.008"/>
  <system-out/>
  <testcase classname="practice.testng.CreateContact_DP_Test2" name="createContactTest" time="0.018"/>
  <system-out/>
</testsuite> <!-- practice.testng.CreateContact_DP_Test2 -->
