<?xml version="1.0" encoding="UTF-8"?>
<!-- Generated by org.testng.reporters.JUnitReportReporter -->
<testsuite hostname="TUSHAR" failures="0" tests="2" name="practice.testng.SampleTest" time="0.031" errors="0" timestamp="2024-04-30T10:34:38 IST" skipped="0">
  <testcase classname="practice.testng.SampleTest" name="createContactTest" time="0.027"/>
  <system-out/>
  <testcase classname="practice.testng.SampleTest" name="createContactWithMobileNumberTest" time="0.004"/>
  <system-out/>
</testsuite> <!-- practice.testng.SampleTest -->
