<?xml version="1.0" encoding="UTF-8"?>
<!-- Generated by org.testng.reporters.JUnitReportReporter -->
<testsuite hostname="TUSHAR" failures="0" tests="3" name="practice.test.GetProductnfoTest" time="53.905" errors="0" timestamp="2024-05-01T09:50:44 IST" skipped="0">
  <testcase classname="practice.test.GetProductnfoTest" name="getProductInfoTest" time="16.448"/>
  <system-out/>
  <testcase classname="practice.test.GetProductnfoTest" name="getProductInfoTest" time="17.042"/>
  <system-out/>
  <testcase classname="practice.test.GetProductnfoTest" name="getProductInfoTest" time="20.415"/>
  <system-out/>
</testsuite> <!-- practice.test.GetProductnfoTest -->
