<?xml version="1.0" encoding="UTF-8"?>
<!-- Generated by org.testng.reporters.JUnitReportReporter -->
<testsuite hostname="TUSHAR" failures="0" tests="1" name="practice.datadriventesting.ReadRunTimeMavenParameterTest" time="0.032" errors="0" timestamp="2024-04-20T13:36:13 IST" skipped="0">
  <testcase classname="practice.datadriventesting.ReadRunTimeMavenParameterTest" name="runtimeParameterTest" time="0.032"/>
  <system-out/>
</testsuite> <!-- practice.datadriventesting.ReadRunTimeMavenParameterTest -->
