<?xml version="1.0" encoding="UTF-8"?>
<!-- Generated by org.testng.reporters.JUnitReportReporter -->
<testsuite hostname="TUSHAR" failures="0" tests="2" name="practice.homepagetest.HomePageSampleTest" time="0.048" errors="0" timestamp="2024-05-06T18:31:55 IST" skipped="0">
  <testcase classname="practice.homepagetest.HomePageSampleTest" name="homePageTest" time="0.039"/>
  <system-out>
    <![CDATA[homePageTest Test Start
null
step 1
step 2
step 3
step 4
homePageTest Test End]]>
  </system-out>
  <testcase classname="practice.homepagetest.HomePageSampleTest" name="verifyLogoHomePageTest" time="0.009"/>
  <system-out>
    <![CDATA[verifyLogoHomePageTest Test Start
step 1
step 2
step 3
step 4
verifyLogoHomePageTest Test End]]>
  </system-out>
</testsuite> <!-- practice.homepagetest.HomePageSampleTest -->
